{"C:\\Users\\Eddy\\Desktop\\My Repositories\\MICROVERSE\\To-do-List-test\\src\\modules\\todosfiles.js": {"path":"C:\\Users\\Eddy\\Desktop\\My Repositories\\MICROVERSE\\To-do-List-test\\src\\modules\\todosfiles.js","statementMap":{"0":{"start":{"line":1,"column":18},"end":{"line":1,"column":55}},"1":{"start":{"line":2,"column":21},"end":{"line":2,"column":59}},"2":{"start":{"line":3,"column":21},"end":{"line":3,"column":61}},"3":{"start":{"line":7,"column":4},"end":{"line":11,"column":5}},"4":{"start":{"line":8,"column":6},"end":{"line":8,"column":61}},"5":{"start":{"line":10,"column":6},"end":{"line":10,"column":22}},"6":{"start":{"line":14,"column":16},"end":{"line":36,"column":3}},"7":{"start":{"line":15,"column":20},"end":{"line":15,"column":35}},"8":{"start":{"line":17,"column":4},"end":{"line":25,"column":7}},"9":{"start":{"line":18,"column":6},"end":{"line":20,"column":7}},"10":{"start":{"line":19,"column":8},"end":{"line":19,"column":17}},"11":{"start":{"line":21,"column":6},"end":{"line":23,"column":7}},"12":{"start":{"line":22,"column":8},"end":{"line":22,"column":18}},"13":{"start":{"line":24,"column":6},"end":{"line":24,"column":15}},"14":{"start":{"line":28,"column":16},"end":{"line":28,"column":17}},"15":{"start":{"line":29,"column":4},"end":{"line":32,"column":7}},"16":{"start":{"line":30,"column":6},"end":{"line":30,"column":17}},"17":{"start":{"line":31,"column":6},"end":{"line":31,"column":25}},"18":{"start":{"line":34,"column":4},"end":{"line":34,"column":30}},"19":{"start":{"line":35,"column":4},"end":{"line":35,"column":62}},"20":{"start":{"line":39,"column":11},"end":{"line":102,"column":3}},"21":{"start":{"line":40,"column":26},"end":{"line":40,"column":69}},"22":{"start":{"line":41,"column":20},"end":{"line":41,"column":62}},"23":{"start":{"line":43,"column":4},"end":{"line":43,"column":33}},"24":{"start":{"line":44,"column":4},"end":{"line":44,"column":27}},"25":{"start":{"line":45,"column":4},"end":{"line":45,"column":43}},"26":{"start":{"line":46,"column":4},"end":{"line":46,"column":23}},"27":{"start":{"line":47,"column":4},"end":{"line":101,"column":5}},"28":{"start":{"line":48,"column":6},"end":{"line":97,"column":9}},"29":{"start":{"line":50,"column":25},"end":{"line":50,"column":53}},"30":{"start":{"line":51,"column":8},"end":{"line":51,"column":33}},"31":{"start":{"line":52,"column":8},"end":{"line":52,"column":41}},"32":{"start":{"line":53,"column":8},"end":{"line":53,"column":49}},"33":{"start":{"line":56,"column":8},"end":{"line":58,"column":11}},"34":{"start":{"line":57,"column":10},"end":{"line":57,"column":45}},"35":{"start":{"line":60,"column":8},"end":{"line":62,"column":11}},"36":{"start":{"line":61,"column":10},"end":{"line":61,"column":48}},"37":{"start":{"line":65,"column":25},"end":{"line":65,"column":56}},"38":{"start":{"line":66,"column":8},"end":{"line":66,"column":50}},"39":{"start":{"line":67,"column":8},"end":{"line":67,"column":39}},"40":{"start":{"line":69,"column":8},"end":{"line":71,"column":11}},"41":{"start":{"line":70,"column":10},"end":{"line":70,"column":30}},"42":{"start":{"line":74,"column":24},"end":{"line":74,"column":51}},"43":{"start":{"line":75,"column":8},"end":{"line":75,"column":39}},"44":{"start":{"line":76,"column":8},"end":{"line":76,"column":45}},"45":{"start":{"line":78,"column":8},"end":{"line":81,"column":9}},"46":{"start":{"line":79,"column":10},"end":{"line":79,"column":50}},"47":{"start":{"line":80,"column":10},"end":{"line":80,"column":51}},"48":{"start":{"line":84,"column":31},"end":{"line":84,"column":63}},"49":{"start":{"line":85,"column":8},"end":{"line":85,"column":51}},"50":{"start":{"line":88,"column":8},"end":{"line":90,"column":11}},"51":{"start":{"line":89,"column":10},"end":{"line":89,"column":33}},"52":{"start":{"line":93,"column":8},"end":{"line":93,"column":59}},"53":{"start":{"line":96,"column":8},"end":{"line":96,"column":44}},"54":{"start":{"line":99,"column":6},"end":{"line":100,"column":77}},"55":{"start":{"line":105,"column":13},"end":{"line":144,"column":3}},"56":{"start":{"line":107,"column":22},"end":{"line":107,"column":60}},"57":{"start":{"line":108,"column":24},"end":{"line":108,"column":39}},"58":{"start":{"line":109,"column":21},"end":{"line":109,"column":25}},"59":{"start":{"line":110,"column":22},"end":{"line":110,"column":23}},"60":{"start":{"line":111,"column":22},"end":{"line":111,"column":25}},"61":{"start":{"line":112,"column":24},"end":{"line":112,"column":29}},"62":{"start":{"line":113,"column":20},"end":{"line":119,"column":5}},"63":{"start":{"line":122,"column":20},"end":{"line":122,"column":62}},"64":{"start":{"line":124,"column":4},"end":{"line":143,"column":5}},"65":{"start":{"line":125,"column":6},"end":{"line":125,"column":42}},"66":{"start":{"line":126,"column":6},"end":{"line":126,"column":40}},"67":{"start":{"line":127,"column":6},"end":{"line":127,"column":41}},"68":{"start":{"line":130,"column":6},"end":{"line":130,"column":45}},"69":{"start":{"line":131,"column":6},"end":{"line":131,"column":31}},"70":{"start":{"line":132,"column":6},"end":{"line":132,"column":44}},"71":{"start":{"line":133,"column":6},"end":{"line":133,"column":27}},"72":{"start":{"line":134,"column":20},"end":{"line":134,"column":46}},"73":{"start":{"line":135,"column":19},"end":{"line":139,"column":7}},"74":{"start":{"line":140,"column":6},"end":{"line":140,"column":41}},"75":{"start":{"line":142,"column":6},"end":{"line":142,"column":20}},"76":{"start":{"line":146,"column":11},"end":{"line":149,"column":3}},"77":{"start":{"line":147,"column":4},"end":{"line":147,"column":72}},"78":{"start":{"line":147,"column":42},"end":{"line":147,"column":70}},"79":{"start":{"line":148,"column":4},"end":{"line":148,"column":18}},"80":{"start":{"line":152,"column":9},"end":{"line":183,"column":3}},"81":{"start":{"line":153,"column":22},"end":{"line":153,"column":30}},"82":{"start":{"line":156,"column":21},"end":{"line":156,"column":25}},"83":{"start":{"line":157,"column":22},"end":{"line":157,"column":23}},"84":{"start":{"line":158,"column":22},"end":{"line":158,"column":25}},"85":{"start":{"line":159,"column":24},"end":{"line":159,"column":29}},"86":{"start":{"line":160,"column":20},"end":{"line":166,"column":5}},"87":{"start":{"line":168,"column":4},"end":{"line":182,"column":5}},"88":{"start":{"line":169,"column":6},"end":{"line":169,"column":42}},"89":{"start":{"line":170,"column":6},"end":{"line":170,"column":40}},"90":{"start":{"line":171,"column":6},"end":{"line":171,"column":45}},"91":{"start":{"line":173,"column":6},"end":{"line":173,"column":48}},"92":{"start":{"line":174,"column":20},"end":{"line":174,"column":45}},"93":{"start":{"line":175,"column":21},"end":{"line":175,"column":36}},"94":{"start":{"line":176,"column":19},"end":{"line":176,"column":78}},"95":{"start":{"line":176,"column":46},"end":{"line":176,"column":77}},"96":{"start":{"line":177,"column":6},"end":{"line":179,"column":7}},"97":{"start":{"line":178,"column":8},"end":{"line":178,"column":41}},"98":{"start":{"line":180,"column":6},"end":{"line":180,"column":31}},"99":{"start":{"line":181,"column":6},"end":{"line":181,"column":20}},"100":{"start":{"line":186,"column":19},"end":{"line":231,"column":3}},"101":{"start":{"line":188,"column":19},"end":{"line":188,"column":55}},"102":{"start":{"line":189,"column":23},"end":{"line":189,"column":66}},"103":{"start":{"line":190,"column":4},"end":{"line":190,"column":26}},"104":{"start":{"line":193,"column":21},"end":{"line":193,"column":52}},"105":{"start":{"line":194,"column":4},"end":{"line":194,"column":46}},"106":{"start":{"line":195,"column":4},"end":{"line":195,"column":35}},"107":{"start":{"line":197,"column":4},"end":{"line":199,"column":7}},"108":{"start":{"line":198,"column":6},"end":{"line":198,"column":26}},"109":{"start":{"line":202,"column":26},"end":{"line":202,"column":57}},"110":{"start":{"line":203,"column":4},"end":{"line":203,"column":47}},"111":{"start":{"line":204,"column":4},"end":{"line":204,"column":52}},"112":{"start":{"line":205,"column":4},"end":{"line":205,"column":48}},"113":{"start":{"line":208,"column":4},"end":{"line":217,"column":7}},"114":{"start":{"line":209,"column":6},"end":{"line":216,"column":7}},"115":{"start":{"line":210,"column":8},"end":{"line":210,"column":27}},"116":{"start":{"line":211,"column":8},"end":{"line":211,"column":21}},"117":{"start":{"line":213,"column":8},"end":{"line":213,"column":47}},"118":{"start":{"line":214,"column":8},"end":{"line":214,"column":31}},"119":{"start":{"line":215,"column":8},"end":{"line":215,"column":50}},"120":{"start":{"line":220,"column":23},"end":{"line":220,"column":55}},"121":{"start":{"line":221,"column":4},"end":{"line":221,"column":40}},"122":{"start":{"line":222,"column":4},"end":{"line":222,"column":63}},"123":{"start":{"line":225,"column":4},"end":{"line":228,"column":7}},"124":{"start":{"line":226,"column":20},"end":{"line":226,"column":29}},"125":{"start":{"line":227,"column":6},"end":{"line":227,"column":25}},"126":{"start":{"line":230,"column":4},"end":{"line":230,"column":55}},"127":{"start":{"line":233,"column":16},"end":{"line":242,"column":3}},"128":{"start":{"line":234,"column":18},"end":{"line":234,"column":43}},"129":{"start":{"line":235,"column":19},"end":{"line":235,"column":34}},"130":{"start":{"line":236,"column":17},"end":{"line":236,"column":76}},"131":{"start":{"line":236,"column":44},"end":{"line":236,"column":75}},"132":{"start":{"line":237,"column":4},"end":{"line":239,"column":5}},"133":{"start":{"line":238,"column":6},"end":{"line":238,"column":55}},"134":{"start":{"line":240,"column":4},"end":{"line":240,"column":29}},"135":{"start":{"line":241,"column":4},"end":{"line":241,"column":18}},"136":{"start":{"line":244,"column":27},"end":{"line":249,"column":3}},"137":{"start":{"line":245,"column":17},"end":{"line":245,"column":32}},"138":{"start":{"line":246,"column":4},"end":{"line":246,"column":62}},"139":{"start":{"line":246,"column":37},"end":{"line":246,"column":60}},"140":{"start":{"line":247,"column":4},"end":{"line":247,"column":29}},"141":{"start":{"line":248,"column":4},"end":{"line":248,"column":18}},"142":{"start":{"line":251,"column":17},"end":{"line":293,"column":3}},"143":{"start":{"line":254,"column":18},"end":{"line":254,"column":23}},"144":{"start":{"line":255,"column":14},"end":{"line":255,"column":16}},"145":{"start":{"line":256,"column":4},"end":{"line":256,"column":21}},"146":{"start":{"line":257,"column":16},"end":{"line":257,"column":26}},"147":{"start":{"line":259,"column":4},"end":{"line":265,"column":5}},"148":{"start":{"line":260,"column":6},"end":{"line":264,"column":7}},"149":{"start":{"line":261,"column":8},"end":{"line":261,"column":23}},"150":{"start":{"line":262,"column":8},"end":{"line":262,"column":42}},"151":{"start":{"line":263,"column":8},"end":{"line":263,"column":32}},"152":{"start":{"line":267,"column":4},"end":{"line":273,"column":5}},"153":{"start":{"line":268,"column":6},"end":{"line":272,"column":7}},"154":{"start":{"line":269,"column":8},"end":{"line":269,"column":23}},"155":{"start":{"line":270,"column":8},"end":{"line":270,"column":82}},"156":{"start":{"line":271,"column":8},"end":{"line":271,"column":32}},"157":{"start":{"line":275,"column":4},"end":{"line":281,"column":5}},"158":{"start":{"line":276,"column":6},"end":{"line":280,"column":7}},"159":{"start":{"line":277,"column":8},"end":{"line":277,"column":23}},"160":{"start":{"line":278,"column":8},"end":{"line":278,"column":87}},"161":{"start":{"line":279,"column":8},"end":{"line":279,"column":32}},"162":{"start":{"line":283,"column":4},"end":{"line":291,"column":5}},"163":{"start":{"line":284,"column":21},"end":{"line":284,"column":43}},"164":{"start":{"line":285,"column":17},"end":{"line":285,"column":44}},"165":{"start":{"line":286,"column":6},"end":{"line":290,"column":7}},"166":{"start":{"line":287,"column":8},"end":{"line":287,"column":23}},"167":{"start":{"line":288,"column":8},"end":{"line":288,"column":102}},"168":{"start":{"line":289,"column":8},"end":{"line":289,"column":32}},"169":{"start":{"line":292,"column":4},"end":{"line":292,"column":28}}},"fnMap":{"0":{"name":"(anonymous_0)","decl":{"start":{"line":6,"column":2},"end":{"line":6,"column":3}},"loc":{"start":{"line":6,"column":16},"end":{"line":12,"column":3}},"line":6},"1":{"name":"(anonymous_1)","decl":{"start":{"line":14,"column":16},"end":{"line":14,"column":17}},"loc":{"start":{"line":14,"column":22},"end":{"line":36,"column":3}},"line":14},"2":{"name":"(anonymous_2)","decl":{"start":{"line":17,"column":17},"end":{"line":17,"column":18}},"loc":{"start":{"line":17,"column":27},"end":{"line":25,"column":5}},"line":17},"3":{"name":"(anonymous_3)","decl":{"start":{"line":29,"column":20},"end":{"line":29,"column":21}},"loc":{"start":{"line":29,"column":30},"end":{"line":32,"column":5}},"line":29},"4":{"name":"(anonymous_4)","decl":{"start":{"line":39,"column":11},"end":{"line":39,"column":12}},"loc":{"start":{"line":39,"column":17},"end":{"line":102,"column":3}},"line":39},"5":{"name":"(anonymous_5)","decl":{"start":{"line":48,"column":25},"end":{"line":48,"column":26}},"loc":{"start":{"line":48,"column":35},"end":{"line":97,"column":7}},"line":48},"6":{"name":"(anonymous_6)","decl":{"start":{"line":56,"column":47},"end":{"line":56,"column":48}},"loc":{"start":{"line":56,"column":53},"end":{"line":58,"column":9}},"line":56},"7":{"name":"(anonymous_7)","decl":{"start":{"line":60,"column":45},"end":{"line":60,"column":46}},"loc":{"start":{"line":60,"column":51},"end":{"line":62,"column":9}},"line":60},"8":{"name":"(anonymous_8)","decl":{"start":{"line":69,"column":44},"end":{"line":69,"column":45}},"loc":{"start":{"line":69,"column":51},"end":{"line":71,"column":9}},"line":69},"9":{"name":"(anonymous_9)","decl":{"start":{"line":88,"column":49},"end":{"line":88,"column":50}},"loc":{"start":{"line":88,"column":56},"end":{"line":90,"column":9}},"line":88},"10":{"name":"(anonymous_10)","decl":{"start":{"line":105,"column":13},"end":{"line":105,"column":14}},"loc":{"start":{"line":105,"column":19},"end":{"line":144,"column":3}},"line":105},"11":{"name":"(anonymous_11)","decl":{"start":{"line":146,"column":11},"end":{"line":146,"column":12}},"loc":{"start":{"line":146,"column":22},"end":{"line":149,"column":3}},"line":146},"12":{"name":"(anonymous_12)","decl":{"start":{"line":147,"column":35},"end":{"line":147,"column":36}},"loc":{"start":{"line":147,"column":42},"end":{"line":147,"column":70}},"line":147},"13":{"name":"(anonymous_13)","decl":{"start":{"line":152,"column":9},"end":{"line":152,"column":10}},"loc":{"start":{"line":152,"column":16},"end":{"line":183,"column":3}},"line":152},"14":{"name":"(anonymous_14)","decl":{"start":{"line":176,"column":36},"end":{"line":176,"column":37}},"loc":{"start":{"line":176,"column":46},"end":{"line":176,"column":77}},"line":176},"15":{"name":"(anonymous_15)","decl":{"start":{"line":186,"column":19},"end":{"line":186,"column":20}},"loc":{"start":{"line":186,"column":26},"end":{"line":231,"column":3}},"line":186},"16":{"name":"(anonymous_16)","decl":{"start":{"line":197,"column":40},"end":{"line":197,"column":41}},"loc":{"start":{"line":197,"column":47},"end":{"line":199,"column":5}},"line":197},"17":{"name":"(anonymous_17)","decl":{"start":{"line":208,"column":47},"end":{"line":208,"column":48}},"loc":{"start":{"line":208,"column":54},"end":{"line":217,"column":5}},"line":208},"18":{"name":"(anonymous_18)","decl":{"start":{"line":225,"column":41},"end":{"line":225,"column":42}},"loc":{"start":{"line":225,"column":47},"end":{"line":228,"column":5}},"line":225},"19":{"name":"(anonymous_19)","decl":{"start":{"line":233,"column":16},"end":{"line":233,"column":17}},"loc":{"start":{"line":233,"column":23},"end":{"line":242,"column":3}},"line":233},"20":{"name":"(anonymous_20)","decl":{"start":{"line":236,"column":34},"end":{"line":236,"column":35}},"loc":{"start":{"line":236,"column":44},"end":{"line":236,"column":75}},"line":236},"21":{"name":"(anonymous_21)","decl":{"start":{"line":244,"column":27},"end":{"line":244,"column":28}},"loc":{"start":{"line":244,"column":33},"end":{"line":249,"column":3}},"line":244},"22":{"name":"(anonymous_22)","decl":{"start":{"line":246,"column":27},"end":{"line":246,"column":28}},"loc":{"start":{"line":246,"column":37},"end":{"line":246,"column":60}},"line":246},"23":{"name":"(anonymous_23)","decl":{"start":{"line":251,"column":17},"end":{"line":251,"column":18}},"loc":{"start":{"line":253,"column":7},"end":{"line":293,"column":3}},"line":253}},"branchMap":{"0":{"loc":{"start":{"line":7,"column":4},"end":{"line":11,"column":5}},"type":"if","locations":[{"start":{"line":7,"column":4},"end":{"line":11,"column":5}},{"start":{"line":9,"column":11},"end":{"line":11,"column":5}}],"line":7},"1":{"loc":{"start":{"line":18,"column":6},"end":{"line":20,"column":7}},"type":"if","locations":[{"start":{"line":18,"column":6},"end":{"line":20,"column":7}},{"start":{},"end":{}}],"line":18},"2":{"loc":{"start":{"line":21,"column":6},"end":{"line":23,"column":7}},"type":"if","locations":[{"start":{"line":21,"column":6},"end":{"line":23,"column":7}},{"start":{},"end":{}}],"line":21},"3":{"loc":{"start":{"line":47,"column":4},"end":{"line":101,"column":5}},"type":"if","locations":[{"start":{"line":47,"column":4},"end":{"line":101,"column":5}},{"start":{"line":98,"column":11},"end":{"line":101,"column":5}}],"line":47},"4":{"loc":{"start":{"line":78,"column":8},"end":{"line":81,"column":9}},"type":"if","locations":[{"start":{"line":78,"column":8},"end":{"line":81,"column":9}},{"start":{},"end":{}}],"line":78},"5":{"loc":{"start":{"line":124,"column":4},"end":{"line":143,"column":5}},"type":"if","locations":[{"start":{"line":124,"column":4},"end":{"line":143,"column":5}},{"start":{"line":128,"column":11},"end":{"line":143,"column":5}}],"line":124},"6":{"loc":{"start":{"line":124,"column":8},"end":{"line":124,"column":59}},"type":"binary-expr","locations":[{"start":{"line":124,"column":8},"end":{"line":124,"column":32}},{"start":{"line":124,"column":36},"end":{"line":124,"column":59}}],"line":124},"7":{"loc":{"start":{"line":134,"column":20},"end":{"line":134,"column":46}},"type":"binary-expr","locations":[{"start":{"line":134,"column":20},"end":{"line":134,"column":41}},{"start":{"line":134,"column":45},"end":{"line":134,"column":46}}],"line":134},"8":{"loc":{"start":{"line":168,"column":4},"end":{"line":182,"column":5}},"type":"if","locations":[{"start":{"line":168,"column":4},"end":{"line":182,"column":5}},{"start":{"line":172,"column":11},"end":{"line":182,"column":5}}],"line":168},"9":{"loc":{"start":{"line":168,"column":8},"end":{"line":168,"column":58}},"type":"binary-expr","locations":[{"start":{"line":168,"column":8},"end":{"line":168,"column":32}},{"start":{"line":168,"column":36},"end":{"line":168,"column":58}}],"line":168},"10":{"loc":{"start":{"line":177,"column":6},"end":{"line":179,"column":7}},"type":"if","locations":[{"start":{"line":177,"column":6},"end":{"line":179,"column":7}},{"start":{},"end":{}}],"line":177},"11":{"loc":{"start":{"line":209,"column":6},"end":{"line":216,"column":7}},"type":"if","locations":[{"start":{"line":209,"column":6},"end":{"line":216,"column":7}},{"start":{"line":212,"column":13},"end":{"line":216,"column":7}}],"line":209},"12":{"loc":{"start":{"line":237,"column":4},"end":{"line":239,"column":5}},"type":"if","locations":[{"start":{"line":237,"column":4},"end":{"line":239,"column":5}},{"start":{},"end":{}}],"line":237},"13":{"loc":{"start":{"line":252,"column":9},"end":{"line":252,"column":25}},"type":"default-arg","locations":[{"start":{"line":252,"column":20},"end":{"line":252,"column":25}}],"line":252},"14":{"loc":{"start":{"line":252,"column":27},"end":{"line":252,"column":40}},"type":"default-arg","locations":[{"start":{"line":252,"column":39},"end":{"line":252,"column":40}}],"line":252},"15":{"loc":{"start":{"line":252,"column":42},"end":{"line":252,"column":55}},"type":"default-arg","locations":[{"start":{"line":252,"column":54},"end":{"line":252,"column":55}}],"line":252},"16":{"loc":{"start":{"line":252,"column":57},"end":{"line":252,"column":75}},"type":"default-arg","locations":[{"start":{"line":252,"column":71},"end":{"line":252,"column":75}}],"line":252},"17":{"loc":{"start":{"line":259,"column":4},"end":{"line":265,"column":5}},"type":"if","locations":[{"start":{"line":259,"column":4},"end":{"line":265,"column":5}},{"start":{},"end":{}}],"line":259},"18":{"loc":{"start":{"line":260,"column":6},"end":{"line":264,"column":7}},"type":"if","locations":[{"start":{"line":260,"column":6},"end":{"line":264,"column":7}},{"start":{},"end":{}}],"line":260},"19":{"loc":{"start":{"line":267,"column":4},"end":{"line":273,"column":5}},"type":"if","locations":[{"start":{"line":267,"column":4},"end":{"line":273,"column":5}},{"start":{},"end":{}}],"line":267},"20":{"loc":{"start":{"line":268,"column":6},"end":{"line":272,"column":7}},"type":"if","locations":[{"start":{"line":268,"column":6},"end":{"line":272,"column":7}},{"start":{},"end":{}}],"line":268},"21":{"loc":{"start":{"line":275,"column":4},"end":{"line":281,"column":5}},"type":"if","locations":[{"start":{"line":275,"column":4},"end":{"line":281,"column":5}},{"start":{},"end":{}}],"line":275},"22":{"loc":{"start":{"line":276,"column":6},"end":{"line":280,"column":7}},"type":"if","locations":[{"start":{"line":276,"column":6},"end":{"line":280,"column":7}},{"start":{},"end":{}}],"line":276},"23":{"loc":{"start":{"line":283,"column":4},"end":{"line":291,"column":5}},"type":"if","locations":[{"start":{"line":283,"column":4},"end":{"line":291,"column":5}},{"start":{},"end":{}}],"line":283},"24":{"loc":{"start":{"line":286,"column":6},"end":{"line":290,"column":7}},"type":"if","locations":[{"start":{"line":286,"column":6},"end":{"line":290,"column":7}},{"start":{},"end":{}}],"line":286}},"s":{"0":1,"1":1,"2":1,"3":1,"4":0,"5":1,"6":1,"7":0,"8":0,"9":0,"10":0,"11":0,"12":0,"13":0,"14":0,"15":0,"16":0,"17":0,"18":0,"19":0,"20":1,"21":0,"22":0,"23":0,"24":0,"25":0,"26":0,"27":0,"28":0,"29":0,"30":0,"31":0,"32":0,"33":0,"34":0,"35":0,"36":0,"37":0,"38":0,"39":0,"40":0,"41":0,"42":0,"43":0,"44":0,"45":0,"46":0,"47":0,"48":0,"49":0,"50":0,"51":0,"52":0,"53":0,"54":0,"55":1,"56":1,"57":1,"58":1,"59":1,"60":1,"61":1,"62":1,"63":1,"64":1,"65":1,"66":1,"67":1,"68":0,"69":0,"70":0,"71":0,"72":0,"73":0,"74":0,"75":0,"76":1,"77":0,"78":0,"79":0,"80":1,"81":0,"82":0,"83":0,"84":0,"85":0,"86":0,"87":0,"88":0,"89":0,"90":0,"91":0,"92":0,"93":0,"94":0,"95":0,"96":0,"97":0,"98":0,"99":0,"100":1,"101":0,"102":0,"103":0,"104":0,"105":0,"106":0,"107":0,"108":0,"109":0,"110":0,"111":0,"112":0,"113":0,"114":0,"115":0,"116":0,"117":0,"118":0,"119":0,"120":0,"121":0,"122":0,"123":0,"124":0,"125":0,"126":0,"127":1,"128":0,"129":0,"130":0,"131":0,"132":0,"133":0,"134":0,"135":0,"136":1,"137":0,"138":0,"139":0,"140":0,"141":0,"142":1,"143":1,"144":1,"145":1,"146":1,"147":1,"148":1,"149":1,"150":1,"151":1,"152":0,"153":0,"154":0,"155":0,"156":0,"157":0,"158":0,"159":0,"160":0,"161":0,"162":0,"163":0,"164":0,"165":0,"166":0,"167":0,"168":0,"169":0},"f":{"0":1,"1":0,"2":0,"3":0,"4":0,"5":0,"6":0,"7":0,"8":0,"9":0,"10":1,"11":0,"12":0,"13":0,"14":0,"15":0,"16":0,"17":0,"18":0,"19":0,"20":0,"21":0,"22":0,"23":1},"b":{"0":[0,1],"1":[0,0],"2":[0,0],"3":[0,0],"4":[0,0],"5":[1,0],"6":[1,1],"7":[0,0],"8":[0,0],"9":[0,0],"10":[0,0],"11":[0,0],"12":[0,0],"13":[0],"14":[0],"15":[0],"16":[0],"17":[1,0],"18":[1,0],"19":[0,0],"20":[0,0],"21":[0,0],"22":[0,0],"23":[0,0],"24":[0,0]},"_coverageSchema":"1a1c01bbd47fc00a2c39e90264f33305004495a9","hash":"5601f789643c3506209b233df9b9009ca1eb7146"}
}
