{"C:\\Users\\Eddy\\Desktop\\My Repositories\\MICROVERSE\\To-do-List-test\\src\\modules\\domSelector.js": {"path":"C:\\Users\\Eddy\\Desktop\\My Repositories\\MICROVERSE\\To-do-List-test\\src\\modules\\domSelector.js","statementMap":{"0":{"start":{"line":1,"column":25},"end":{"line":1,"column":63}},"1":{"start":{"line":2,"column":23},"end":{"line":2,"column":65}},"2":{"start":{"line":3,"column":25},"end":{"line":3,"column":62}},"3":{"start":{"line":4,"column":29},"end":{"line":4,"column":72}},"4":{"start":{"line":5,"column":28},"end":{"line":5,"column":66}},"5":{"start":{"line":6,"column":28},"end":{"line":6,"column":68}}},"fnMap":{},"branchMap":{},"s":{"0":1,"1":1,"2":1,"3":1,"4":1,"5":1},"f":{},"b":{},"_coverageSchema":"1a1c01bbd47fc00a2c39e90264f33305004495a9","hash":"d8315b1c61d61f2e158f53cd1bc99af39ac98763"}
,"C:\\Users\\Eddy\\Desktop\\My Repositories\\MICROVERSE\\To-do-List-test\\src\\modules\\todosfiles.js": {"path":"C:\\Users\\Eddy\\Desktop\\My Repositories\\MICROVERSE\\To-do-List-test\\src\\modules\\todosfiles.js","statementMap":{"0":{"start":{"line":6,"column":4},"end":{"line":10,"column":5}},"1":{"start":{"line":7,"column":6},"end":{"line":7,"column":61}},"2":{"start":{"line":9,"column":6},"end":{"line":9,"column":22}},"3":{"start":{"line":13,"column":16},"end":{"line":35,"column":3}},"4":{"start":{"line":14,"column":20},"end":{"line":14,"column":35}},"5":{"start":{"line":16,"column":4},"end":{"line":24,"column":7}},"6":{"start":{"line":17,"column":6},"end":{"line":19,"column":7}},"7":{"start":{"line":18,"column":8},"end":{"line":18,"column":17}},"8":{"start":{"line":20,"column":6},"end":{"line":22,"column":7}},"9":{"start":{"line":21,"column":8},"end":{"line":21,"column":18}},"10":{"start":{"line":23,"column":6},"end":{"line":23,"column":15}},"11":{"start":{"line":27,"column":16},"end":{"line":27,"column":17}},"12":{"start":{"line":28,"column":4},"end":{"line":31,"column":7}},"13":{"start":{"line":29,"column":6},"end":{"line":29,"column":17}},"14":{"start":{"line":30,"column":6},"end":{"line":30,"column":25}},"15":{"start":{"line":33,"column":4},"end":{"line":33,"column":30}},"16":{"start":{"line":34,"column":4},"end":{"line":34,"column":62}},"17":{"start":{"line":38,"column":11},"end":{"line":100,"column":3}},"18":{"start":{"line":39,"column":26},"end":{"line":39,"column":69}},"19":{"start":{"line":40,"column":20},"end":{"line":40,"column":62}},"20":{"start":{"line":42,"column":4},"end":{"line":42,"column":33}},"21":{"start":{"line":43,"column":4},"end":{"line":43,"column":27}},"22":{"start":{"line":44,"column":4},"end":{"line":44,"column":43}},"23":{"start":{"line":45,"column":4},"end":{"line":45,"column":23}},"24":{"start":{"line":46,"column":4},"end":{"line":99,"column":5}},"25":{"start":{"line":47,"column":6},"end":{"line":96,"column":9}},"26":{"start":{"line":49,"column":25},"end":{"line":49,"column":53}},"27":{"start":{"line":50,"column":8},"end":{"line":50,"column":33}},"28":{"start":{"line":51,"column":8},"end":{"line":51,"column":41}},"29":{"start":{"line":52,"column":8},"end":{"line":52,"column":49}},"30":{"start":{"line":55,"column":8},"end":{"line":57,"column":11}},"31":{"start":{"line":56,"column":10},"end":{"line":56,"column":45}},"32":{"start":{"line":59,"column":8},"end":{"line":61,"column":11}},"33":{"start":{"line":60,"column":10},"end":{"line":60,"column":48}},"34":{"start":{"line":64,"column":25},"end":{"line":64,"column":56}},"35":{"start":{"line":65,"column":8},"end":{"line":65,"column":50}},"36":{"start":{"line":66,"column":8},"end":{"line":66,"column":39}},"37":{"start":{"line":68,"column":8},"end":{"line":70,"column":11}},"38":{"start":{"line":69,"column":10},"end":{"line":69,"column":30}},"39":{"start":{"line":73,"column":24},"end":{"line":73,"column":51}},"40":{"start":{"line":74,"column":8},"end":{"line":74,"column":39}},"41":{"start":{"line":75,"column":8},"end":{"line":75,"column":45}},"42":{"start":{"line":77,"column":8},"end":{"line":80,"column":9}},"43":{"start":{"line":78,"column":10},"end":{"line":78,"column":50}},"44":{"start":{"line":79,"column":10},"end":{"line":79,"column":51}},"45":{"start":{"line":83,"column":31},"end":{"line":83,"column":63}},"46":{"start":{"line":84,"column":8},"end":{"line":84,"column":51}},"47":{"start":{"line":87,"column":8},"end":{"line":89,"column":11}},"48":{"start":{"line":88,"column":10},"end":{"line":88,"column":33}},"49":{"start":{"line":92,"column":8},"end":{"line":92,"column":59}},"50":{"start":{"line":95,"column":8},"end":{"line":95,"column":44}},"51":{"start":{"line":98,"column":6},"end":{"line":98,"column":101}},"52":{"start":{"line":103,"column":13},"end":{"line":142,"column":3}},"53":{"start":{"line":105,"column":22},"end":{"line":105,"column":60}},"54":{"start":{"line":106,"column":24},"end":{"line":106,"column":39}},"55":{"start":{"line":107,"column":21},"end":{"line":107,"column":25}},"56":{"start":{"line":108,"column":22},"end":{"line":108,"column":23}},"57":{"start":{"line":109,"column":22},"end":{"line":109,"column":25}},"58":{"start":{"line":110,"column":24},"end":{"line":110,"column":29}},"59":{"start":{"line":111,"column":20},"end":{"line":117,"column":5}},"60":{"start":{"line":120,"column":20},"end":{"line":120,"column":62}},"61":{"start":{"line":122,"column":4},"end":{"line":141,"column":5}},"62":{"start":{"line":123,"column":6},"end":{"line":123,"column":42}},"63":{"start":{"line":124,"column":6},"end":{"line":124,"column":40}},"64":{"start":{"line":125,"column":6},"end":{"line":125,"column":41}},"65":{"start":{"line":128,"column":6},"end":{"line":128,"column":45}},"66":{"start":{"line":129,"column":6},"end":{"line":129,"column":31}},"67":{"start":{"line":130,"column":6},"end":{"line":130,"column":44}},"68":{"start":{"line":131,"column":6},"end":{"line":131,"column":27}},"69":{"start":{"line":132,"column":20},"end":{"line":132,"column":46}},"70":{"start":{"line":133,"column":19},"end":{"line":137,"column":7}},"71":{"start":{"line":138,"column":6},"end":{"line":138,"column":41}},"72":{"start":{"line":140,"column":6},"end":{"line":140,"column":20}},"73":{"start":{"line":144,"column":11},"end":{"line":147,"column":3}},"74":{"start":{"line":145,"column":4},"end":{"line":145,"column":72}},"75":{"start":{"line":145,"column":42},"end":{"line":145,"column":70}},"76":{"start":{"line":146,"column":4},"end":{"line":146,"column":18}},"77":{"start":{"line":150,"column":9},"end":{"line":181,"column":3}},"78":{"start":{"line":151,"column":22},"end":{"line":151,"column":30}},"79":{"start":{"line":154,"column":21},"end":{"line":154,"column":25}},"80":{"start":{"line":155,"column":22},"end":{"line":155,"column":23}},"81":{"start":{"line":156,"column":22},"end":{"line":156,"column":25}},"82":{"start":{"line":157,"column":24},"end":{"line":157,"column":29}},"83":{"start":{"line":158,"column":20},"end":{"line":164,"column":5}},"84":{"start":{"line":166,"column":4},"end":{"line":180,"column":5}},"85":{"start":{"line":167,"column":6},"end":{"line":167,"column":42}},"86":{"start":{"line":168,"column":6},"end":{"line":168,"column":40}},"87":{"start":{"line":169,"column":6},"end":{"line":169,"column":45}},"88":{"start":{"line":171,"column":6},"end":{"line":171,"column":48}},"89":{"start":{"line":172,"column":20},"end":{"line":172,"column":45}},"90":{"start":{"line":173,"column":21},"end":{"line":173,"column":36}},"91":{"start":{"line":174,"column":19},"end":{"line":174,"column":78}},"92":{"start":{"line":174,"column":46},"end":{"line":174,"column":77}},"93":{"start":{"line":175,"column":6},"end":{"line":177,"column":7}},"94":{"start":{"line":176,"column":8},"end":{"line":176,"column":41}},"95":{"start":{"line":178,"column":6},"end":{"line":178,"column":31}},"96":{"start":{"line":179,"column":6},"end":{"line":179,"column":20}},"97":{"start":{"line":184,"column":19},"end":{"line":228,"column":3}},"98":{"start":{"line":186,"column":19},"end":{"line":186,"column":55}},"99":{"start":{"line":187,"column":23},"end":{"line":187,"column":66}},"100":{"start":{"line":188,"column":4},"end":{"line":188,"column":26}},"101":{"start":{"line":191,"column":21},"end":{"line":191,"column":52}},"102":{"start":{"line":192,"column":4},"end":{"line":192,"column":46}},"103":{"start":{"line":193,"column":4},"end":{"line":193,"column":35}},"104":{"start":{"line":195,"column":4},"end":{"line":197,"column":7}},"105":{"start":{"line":196,"column":6},"end":{"line":196,"column":26}},"106":{"start":{"line":200,"column":26},"end":{"line":200,"column":57}},"107":{"start":{"line":201,"column":4},"end":{"line":201,"column":47}},"108":{"start":{"line":202,"column":4},"end":{"line":202,"column":52}},"109":{"start":{"line":203,"column":4},"end":{"line":203,"column":48}},"110":{"start":{"line":206,"column":4},"end":{"line":215,"column":7}},"111":{"start":{"line":207,"column":6},"end":{"line":214,"column":7}},"112":{"start":{"line":208,"column":8},"end":{"line":208,"column":27}},"113":{"start":{"line":209,"column":8},"end":{"line":209,"column":21}},"114":{"start":{"line":211,"column":8},"end":{"line":211,"column":47}},"115":{"start":{"line":212,"column":8},"end":{"line":212,"column":31}},"116":{"start":{"line":213,"column":8},"end":{"line":213,"column":50}},"117":{"start":{"line":218,"column":23},"end":{"line":218,"column":55}},"118":{"start":{"line":219,"column":4},"end":{"line":219,"column":40}},"119":{"start":{"line":222,"column":4},"end":{"line":225,"column":7}},"120":{"start":{"line":223,"column":20},"end":{"line":223,"column":29}},"121":{"start":{"line":224,"column":6},"end":{"line":224,"column":25}},"122":{"start":{"line":227,"column":4},"end":{"line":227,"column":55}},"123":{"start":{"line":230,"column":16},"end":{"line":239,"column":3}},"124":{"start":{"line":231,"column":18},"end":{"line":231,"column":43}},"125":{"start":{"line":232,"column":19},"end":{"line":232,"column":34}},"126":{"start":{"line":233,"column":17},"end":{"line":233,"column":76}},"127":{"start":{"line":233,"column":44},"end":{"line":233,"column":75}},"128":{"start":{"line":234,"column":4},"end":{"line":236,"column":5}},"129":{"start":{"line":235,"column":6},"end":{"line":235,"column":55}},"130":{"start":{"line":237,"column":4},"end":{"line":237,"column":29}},"131":{"start":{"line":238,"column":4},"end":{"line":238,"column":18}},"132":{"start":{"line":241,"column":27},"end":{"line":246,"column":3}},"133":{"start":{"line":242,"column":17},"end":{"line":242,"column":32}},"134":{"start":{"line":243,"column":4},"end":{"line":243,"column":62}},"135":{"start":{"line":243,"column":37},"end":{"line":243,"column":60}},"136":{"start":{"line":244,"column":4},"end":{"line":244,"column":29}},"137":{"start":{"line":245,"column":4},"end":{"line":245,"column":18}},"138":{"start":{"line":248,"column":17},"end":{"line":290,"column":3}},"139":{"start":{"line":251,"column":18},"end":{"line":251,"column":23}},"140":{"start":{"line":252,"column":14},"end":{"line":252,"column":16}},"141":{"start":{"line":253,"column":4},"end":{"line":253,"column":21}},"142":{"start":{"line":254,"column":16},"end":{"line":254,"column":26}},"143":{"start":{"line":256,"column":4},"end":{"line":262,"column":5}},"144":{"start":{"line":257,"column":6},"end":{"line":261,"column":7}},"145":{"start":{"line":258,"column":8},"end":{"line":258,"column":23}},"146":{"start":{"line":259,"column":8},"end":{"line":259,"column":42}},"147":{"start":{"line":260,"column":8},"end":{"line":260,"column":32}},"148":{"start":{"line":264,"column":4},"end":{"line":270,"column":5}},"149":{"start":{"line":265,"column":6},"end":{"line":269,"column":7}},"150":{"start":{"line":266,"column":8},"end":{"line":266,"column":23}},"151":{"start":{"line":267,"column":8},"end":{"line":267,"column":82}},"152":{"start":{"line":268,"column":8},"end":{"line":268,"column":32}},"153":{"start":{"line":272,"column":4},"end":{"line":278,"column":5}},"154":{"start":{"line":273,"column":6},"end":{"line":277,"column":7}},"155":{"start":{"line":274,"column":8},"end":{"line":274,"column":23}},"156":{"start":{"line":275,"column":8},"end":{"line":275,"column":87}},"157":{"start":{"line":276,"column":8},"end":{"line":276,"column":32}},"158":{"start":{"line":280,"column":4},"end":{"line":288,"column":5}},"159":{"start":{"line":281,"column":21},"end":{"line":281,"column":43}},"160":{"start":{"line":282,"column":17},"end":{"line":282,"column":44}},"161":{"start":{"line":283,"column":6},"end":{"line":287,"column":7}},"162":{"start":{"line":284,"column":8},"end":{"line":284,"column":23}},"163":{"start":{"line":285,"column":8},"end":{"line":285,"column":102}},"164":{"start":{"line":286,"column":8},"end":{"line":286,"column":32}},"165":{"start":{"line":289,"column":4},"end":{"line":289,"column":28}}},"fnMap":{"0":{"name":"(anonymous_0)","decl":{"start":{"line":5,"column":2},"end":{"line":5,"column":3}},"loc":{"start":{"line":5,"column":16},"end":{"line":11,"column":3}},"line":5},"1":{"name":"(anonymous_1)","decl":{"start":{"line":13,"column":16},"end":{"line":13,"column":17}},"loc":{"start":{"line":13,"column":22},"end":{"line":35,"column":3}},"line":13},"2":{"name":"(anonymous_2)","decl":{"start":{"line":16,"column":17},"end":{"line":16,"column":18}},"loc":{"start":{"line":16,"column":27},"end":{"line":24,"column":5}},"line":16},"3":{"name":"(anonymous_3)","decl":{"start":{"line":28,"column":20},"end":{"line":28,"column":21}},"loc":{"start":{"line":28,"column":30},"end":{"line":31,"column":5}},"line":28},"4":{"name":"(anonymous_4)","decl":{"start":{"line":38,"column":11},"end":{"line":38,"column":12}},"loc":{"start":{"line":38,"column":17},"end":{"line":100,"column":3}},"line":38},"5":{"name":"(anonymous_5)","decl":{"start":{"line":47,"column":25},"end":{"line":47,"column":26}},"loc":{"start":{"line":47,"column":35},"end":{"line":96,"column":7}},"line":47},"6":{"name":"(anonymous_6)","decl":{"start":{"line":55,"column":47},"end":{"line":55,"column":48}},"loc":{"start":{"line":55,"column":53},"end":{"line":57,"column":9}},"line":55},"7":{"name":"(anonymous_7)","decl":{"start":{"line":59,"column":45},"end":{"line":59,"column":46}},"loc":{"start":{"line":59,"column":51},"end":{"line":61,"column":9}},"line":59},"8":{"name":"(anonymous_8)","decl":{"start":{"line":68,"column":44},"end":{"line":68,"column":45}},"loc":{"start":{"line":68,"column":51},"end":{"line":70,"column":9}},"line":68},"9":{"name":"(anonymous_9)","decl":{"start":{"line":87,"column":49},"end":{"line":87,"column":50}},"loc":{"start":{"line":87,"column":56},"end":{"line":89,"column":9}},"line":87},"10":{"name":"(anonymous_10)","decl":{"start":{"line":103,"column":13},"end":{"line":103,"column":14}},"loc":{"start":{"line":103,"column":19},"end":{"line":142,"column":3}},"line":103},"11":{"name":"(anonymous_11)","decl":{"start":{"line":144,"column":11},"end":{"line":144,"column":12}},"loc":{"start":{"line":144,"column":22},"end":{"line":147,"column":3}},"line":144},"12":{"name":"(anonymous_12)","decl":{"start":{"line":145,"column":35},"end":{"line":145,"column":36}},"loc":{"start":{"line":145,"column":42},"end":{"line":145,"column":70}},"line":145},"13":{"name":"(anonymous_13)","decl":{"start":{"line":150,"column":9},"end":{"line":150,"column":10}},"loc":{"start":{"line":150,"column":16},"end":{"line":181,"column":3}},"line":150},"14":{"name":"(anonymous_14)","decl":{"start":{"line":174,"column":36},"end":{"line":174,"column":37}},"loc":{"start":{"line":174,"column":46},"end":{"line":174,"column":77}},"line":174},"15":{"name":"(anonymous_15)","decl":{"start":{"line":184,"column":19},"end":{"line":184,"column":20}},"loc":{"start":{"line":184,"column":26},"end":{"line":228,"column":3}},"line":184},"16":{"name":"(anonymous_16)","decl":{"start":{"line":195,"column":40},"end":{"line":195,"column":41}},"loc":{"start":{"line":195,"column":47},"end":{"line":197,"column":5}},"line":195},"17":{"name":"(anonymous_17)","decl":{"start":{"line":206,"column":47},"end":{"line":206,"column":48}},"loc":{"start":{"line":206,"column":54},"end":{"line":215,"column":5}},"line":206},"18":{"name":"(anonymous_18)","decl":{"start":{"line":222,"column":41},"end":{"line":222,"column":42}},"loc":{"start":{"line":222,"column":47},"end":{"line":225,"column":5}},"line":222},"19":{"name":"(anonymous_19)","decl":{"start":{"line":230,"column":16},"end":{"line":230,"column":17}},"loc":{"start":{"line":230,"column":23},"end":{"line":239,"column":3}},"line":230},"20":{"name":"(anonymous_20)","decl":{"start":{"line":233,"column":34},"end":{"line":233,"column":35}},"loc":{"start":{"line":233,"column":44},"end":{"line":233,"column":75}},"line":233},"21":{"name":"(anonymous_21)","decl":{"start":{"line":241,"column":27},"end":{"line":241,"column":28}},"loc":{"start":{"line":241,"column":33},"end":{"line":246,"column":3}},"line":241},"22":{"name":"(anonymous_22)","decl":{"start":{"line":243,"column":27},"end":{"line":243,"column":28}},"loc":{"start":{"line":243,"column":37},"end":{"line":243,"column":60}},"line":243},"23":{"name":"(anonymous_23)","decl":{"start":{"line":248,"column":17},"end":{"line":248,"column":18}},"loc":{"start":{"line":250,"column":7},"end":{"line":290,"column":3}},"line":250}},"branchMap":{"0":{"loc":{"start":{"line":6,"column":4},"end":{"line":10,"column":5}},"type":"if","locations":[{"start":{"line":6,"column":4},"end":{"line":10,"column":5}},{"start":{"line":8,"column":11},"end":{"line":10,"column":5}}],"line":6},"1":{"loc":{"start":{"line":17,"column":6},"end":{"line":19,"column":7}},"type":"if","locations":[{"start":{"line":17,"column":6},"end":{"line":19,"column":7}},{"start":{},"end":{}}],"line":17},"2":{"loc":{"start":{"line":20,"column":6},"end":{"line":22,"column":7}},"type":"if","locations":[{"start":{"line":20,"column":6},"end":{"line":22,"column":7}},{"start":{},"end":{}}],"line":20},"3":{"loc":{"start":{"line":46,"column":4},"end":{"line":99,"column":5}},"type":"if","locations":[{"start":{"line":46,"column":4},"end":{"line":99,"column":5}},{"start":{"line":97,"column":11},"end":{"line":99,"column":5}}],"line":46},"4":{"loc":{"start":{"line":77,"column":8},"end":{"line":80,"column":9}},"type":"if","locations":[{"start":{"line":77,"column":8},"end":{"line":80,"column":9}},{"start":{},"end":{}}],"line":77},"5":{"loc":{"start":{"line":122,"column":4},"end":{"line":141,"column":5}},"type":"if","locations":[{"start":{"line":122,"column":4},"end":{"line":141,"column":5}},{"start":{"line":126,"column":11},"end":{"line":141,"column":5}}],"line":122},"6":{"loc":{"start":{"line":122,"column":8},"end":{"line":122,"column":59}},"type":"binary-expr","locations":[{"start":{"line":122,"column":8},"end":{"line":122,"column":32}},{"start":{"line":122,"column":36},"end":{"line":122,"column":59}}],"line":122},"7":{"loc":{"start":{"line":132,"column":20},"end":{"line":132,"column":46}},"type":"binary-expr","locations":[{"start":{"line":132,"column":20},"end":{"line":132,"column":41}},{"start":{"line":132,"column":45},"end":{"line":132,"column":46}}],"line":132},"8":{"loc":{"start":{"line":166,"column":4},"end":{"line":180,"column":5}},"type":"if","locations":[{"start":{"line":166,"column":4},"end":{"line":180,"column":5}},{"start":{"line":170,"column":11},"end":{"line":180,"column":5}}],"line":166},"9":{"loc":{"start":{"line":166,"column":8},"end":{"line":166,"column":58}},"type":"binary-expr","locations":[{"start":{"line":166,"column":8},"end":{"line":166,"column":32}},{"start":{"line":166,"column":36},"end":{"line":166,"column":58}}],"line":166},"10":{"loc":{"start":{"line":175,"column":6},"end":{"line":177,"column":7}},"type":"if","locations":[{"start":{"line":175,"column":6},"end":{"line":177,"column":7}},{"start":{},"end":{}}],"line":175},"11":{"loc":{"start":{"line":207,"column":6},"end":{"line":214,"column":7}},"type":"if","locations":[{"start":{"line":207,"column":6},"end":{"line":214,"column":7}},{"start":{"line":210,"column":13},"end":{"line":214,"column":7}}],"line":207},"12":{"loc":{"start":{"line":234,"column":4},"end":{"line":236,"column":5}},"type":"if","locations":[{"start":{"line":234,"column":4},"end":{"line":236,"column":5}},{"start":{},"end":{}}],"line":234},"13":{"loc":{"start":{"line":249,"column":9},"end":{"line":249,"column":25}},"type":"default-arg","locations":[{"start":{"line":249,"column":20},"end":{"line":249,"column":25}}],"line":249},"14":{"loc":{"start":{"line":249,"column":27},"end":{"line":249,"column":40}},"type":"default-arg","locations":[{"start":{"line":249,"column":39},"end":{"line":249,"column":40}}],"line":249},"15":{"loc":{"start":{"line":249,"column":42},"end":{"line":249,"column":55}},"type":"default-arg","locations":[{"start":{"line":249,"column":54},"end":{"line":249,"column":55}}],"line":249},"16":{"loc":{"start":{"line":249,"column":57},"end":{"line":249,"column":75}},"type":"default-arg","locations":[{"start":{"line":249,"column":71},"end":{"line":249,"column":75}}],"line":249},"17":{"loc":{"start":{"line":256,"column":4},"end":{"line":262,"column":5}},"type":"if","locations":[{"start":{"line":256,"column":4},"end":{"line":262,"column":5}},{"start":{},"end":{}}],"line":256},"18":{"loc":{"start":{"line":257,"column":6},"end":{"line":261,"column":7}},"type":"if","locations":[{"start":{"line":257,"column":6},"end":{"line":261,"column":7}},{"start":{},"end":{}}],"line":257},"19":{"loc":{"start":{"line":264,"column":4},"end":{"line":270,"column":5}},"type":"if","locations":[{"start":{"line":264,"column":4},"end":{"line":270,"column":5}},{"start":{},"end":{}}],"line":264},"20":{"loc":{"start":{"line":265,"column":6},"end":{"line":269,"column":7}},"type":"if","locations":[{"start":{"line":265,"column":6},"end":{"line":269,"column":7}},{"start":{},"end":{}}],"line":265},"21":{"loc":{"start":{"line":272,"column":4},"end":{"line":278,"column":5}},"type":"if","locations":[{"start":{"line":272,"column":4},"end":{"line":278,"column":5}},{"start":{},"end":{}}],"line":272},"22":{"loc":{"start":{"line":273,"column":6},"end":{"line":277,"column":7}},"type":"if","locations":[{"start":{"line":273,"column":6},"end":{"line":277,"column":7}},{"start":{},"end":{}}],"line":273},"23":{"loc":{"start":{"line":280,"column":4},"end":{"line":288,"column":5}},"type":"if","locations":[{"start":{"line":280,"column":4},"end":{"line":288,"column":5}},{"start":{},"end":{}}],"line":280},"24":{"loc":{"start":{"line":283,"column":6},"end":{"line":287,"column":7}},"type":"if","locations":[{"start":{"line":283,"column":6},"end":{"line":287,"column":7}},{"start":{},"end":{}}],"line":283}},"s":{"0":2,"1":0,"2":2,"3":2,"4":6,"5":6,"6":3,"7":3,"8":0,"9":0,"10":0,"11":6,"12":6,"13":6,"14":6,"15":6,"16":6,"17":2,"18":6,"19":6,"20":6,"21":6,"22":6,"23":6,"24":6,"25":3,"26":6,"27":6,"28":6,"29":6,"30":6,"31":0,"32":6,"33":0,"34":6,"35":6,"36":6,"37":6,"38":0,"39":6,"40":6,"41":6,"42":6,"43":0,"44":0,"45":6,"46":6,"47":6,"48":0,"49":6,"50":6,"51":3,"52":2,"53":3,"54":3,"55":3,"56":3,"57":3,"58":3,"59":3,"60":3,"61":3,"62":0,"63":0,"64":0,"65":3,"66":3,"67":3,"68":3,"69":3,"70":3,"71":3,"72":3,"73":2,"74":3,"75":0,"76":3,"77":2,"78":0,"79":0,"80":0,"81":0,"82":0,"83":0,"84":0,"85":0,"86":0,"87":0,"88":0,"89":0,"90":0,"91":0,"92":0,"93":0,"94":0,"95":0,"96":0,"97":2,"98":0,"99":0,"100":0,"101":0,"102":0,"103":0,"104":0,"105":0,"106":0,"107":0,"108":0,"109":0,"110":0,"111":0,"112":0,"113":0,"114":0,"115":0,"116":0,"117":0,"118":0,"119":0,"120":0,"121":0,"122":0,"123":2,"124":0,"125":0,"126":0,"127":0,"128":0,"129":0,"130":0,"131":0,"132":2,"133":0,"134":0,"135":0,"136":0,"137":0,"138":2,"139":3,"140":3,"141":3,"142":3,"143":3,"144":3,"145":0,"146":0,"147":0,"148":3,"149":3,"150":0,"151":0,"152":0,"153":3,"154":3,"155":0,"156":0,"157":0,"158":3,"159":3,"160":3,"161":3,"162":0,"163":0,"164":0,"165":3},"f":{"0":2,"1":6,"2":3,"3":6,"4":6,"5":6,"6":0,"7":0,"8":0,"9":0,"10":3,"11":3,"12":0,"13":0,"14":0,"15":0,"16":0,"17":0,"18":0,"19":0,"20":0,"21":0,"22":0,"23":3},"b":{"0":[0,2],"1":[3,0],"2":[0,0],"3":[3,3],"4":[0,6],"5":[0,3],"6":[3,0],"7":[3,0],"8":[0,0],"9":[0,0],"10":[0,0],"11":[0,0],"12":[0,0],"13":[0],"14":[0],"15":[0],"16":[0],"17":[3,0],"18":[0,3],"19":[3,0],"20":[0,3],"21":[3,0],"22":[0,3],"23":[3,0],"24":[0,3]},"_coverageSchema":"1a1c01bbd47fc00a2c39e90264f33305004495a9","hash":"d8278d5811289c82127e0d75f07e6d89c7e1fb12"}
,"C:\\Users\\Eddy\\Desktop\\My Repositories\\MICROVERSE\\To-do-List-test\\src\\modules\\utils.js": {"path":"C:\\Users\\Eddy\\Desktop\\My Repositories\\MICROVERSE\\To-do-List-test\\src\\modules\\utils.js","statementMap":{"0":{"start":{"line":1,"column":28},"end":{"line":43,"column":1}},"1":{"start":{"line":4,"column":16},"end":{"line":4,"column":21}},"2":{"start":{"line":5,"column":12},"end":{"line":5,"column":14}},"3":{"start":{"line":6,"column":2},"end":{"line":6,"column":19}},"4":{"start":{"line":7,"column":14},"end":{"line":7,"column":24}},"5":{"start":{"line":9,"column":2},"end":{"line":15,"column":3}},"6":{"start":{"line":10,"column":4},"end":{"line":14,"column":5}},"7":{"start":{"line":11,"column":6},"end":{"line":11,"column":21}},"8":{"start":{"line":12,"column":6},"end":{"line":12,"column":40}},"9":{"start":{"line":13,"column":6},"end":{"line":13,"column":30}},"10":{"start":{"line":17,"column":2},"end":{"line":23,"column":3}},"11":{"start":{"line":18,"column":4},"end":{"line":22,"column":5}},"12":{"start":{"line":19,"column":6},"end":{"line":19,"column":21}},"13":{"start":{"line":20,"column":6},"end":{"line":20,"column":80}},"14":{"start":{"line":21,"column":6},"end":{"line":21,"column":30}},"15":{"start":{"line":25,"column":2},"end":{"line":31,"column":3}},"16":{"start":{"line":26,"column":4},"end":{"line":30,"column":5}},"17":{"start":{"line":27,"column":6},"end":{"line":27,"column":21}},"18":{"start":{"line":28,"column":6},"end":{"line":28,"column":85}},"19":{"start":{"line":29,"column":6},"end":{"line":29,"column":30}},"20":{"start":{"line":33,"column":2},"end":{"line":41,"column":3}},"21":{"start":{"line":34,"column":19},"end":{"line":34,"column":41}},"22":{"start":{"line":35,"column":15},"end":{"line":35,"column":42}},"23":{"start":{"line":36,"column":4},"end":{"line":40,"column":5}},"24":{"start":{"line":37,"column":6},"end":{"line":37,"column":21}},"25":{"start":{"line":38,"column":6},"end":{"line":38,"column":100}},"26":{"start":{"line":39,"column":6},"end":{"line":39,"column":30}},"27":{"start":{"line":42,"column":2},"end":{"line":42,"column":26}},"28":{"start":{"line":45,"column":31},"end":{"line":59,"column":1}},"29":{"start":{"line":46,"column":29},"end":{"line":46,"column":93}},"30":{"start":{"line":48,"column":2},"end":{"line":58,"column":51}},"31":{"start":{"line":50,"column":16},"end":{"line":50,"column":44}},"32":{"start":{"line":53,"column":19},"end":{"line":53,"column":47}},"33":{"start":{"line":54,"column":4},"end":{"line":56,"column":5}},"34":{"start":{"line":55,"column":6},"end":{"line":55,"column":39}},"35":{"start":{"line":57,"column":4},"end":{"line":57,"column":19}}},"fnMap":{"0":{"name":"(anonymous_0)","decl":{"start":{"line":1,"column":28},"end":{"line":1,"column":29}},"loc":{"start":{"line":3,"column":5},"end":{"line":43,"column":1}},"line":3},"1":{"name":"(anonymous_1)","decl":{"start":{"line":45,"column":31},"end":{"line":45,"column":32}},"loc":{"start":{"line":45,"column":53},"end":{"line":59,"column":1}},"line":45},"2":{"name":"(anonymous_2)","decl":{"start":{"line":48,"column":35},"end":{"line":48,"column":36}},"loc":{"start":{"line":48,"column":54},"end":{"line":58,"column":3}},"line":48}},"branchMap":{"0":{"loc":{"start":{"line":2,"column":7},"end":{"line":2,"column":23}},"type":"default-arg","locations":[{"start":{"line":2,"column":18},"end":{"line":2,"column":23}}],"line":2},"1":{"loc":{"start":{"line":2,"column":25},"end":{"line":2,"column":38}},"type":"default-arg","locations":[{"start":{"line":2,"column":37},"end":{"line":2,"column":38}}],"line":2},"2":{"loc":{"start":{"line":2,"column":40},"end":{"line":2,"column":53}},"type":"default-arg","locations":[{"start":{"line":2,"column":52},"end":{"line":2,"column":53}}],"line":2},"3":{"loc":{"start":{"line":2,"column":55},"end":{"line":2,"column":73}},"type":"default-arg","locations":[{"start":{"line":2,"column":69},"end":{"line":2,"column":73}}],"line":2},"4":{"loc":{"start":{"line":9,"column":2},"end":{"line":15,"column":3}},"type":"if","locations":[{"start":{"line":9,"column":2},"end":{"line":15,"column":3}},{"start":{},"end":{}}],"line":9},"5":{"loc":{"start":{"line":10,"column":4},"end":{"line":14,"column":5}},"type":"if","locations":[{"start":{"line":10,"column":4},"end":{"line":14,"column":5}},{"start":{},"end":{}}],"line":10},"6":{"loc":{"start":{"line":17,"column":2},"end":{"line":23,"column":3}},"type":"if","locations":[{"start":{"line":17,"column":2},"end":{"line":23,"column":3}},{"start":{},"end":{}}],"line":17},"7":{"loc":{"start":{"line":18,"column":4},"end":{"line":22,"column":5}},"type":"if","locations":[{"start":{"line":18,"column":4},"end":{"line":22,"column":5}},{"start":{},"end":{}}],"line":18},"8":{"loc":{"start":{"line":25,"column":2},"end":{"line":31,"column":3}},"type":"if","locations":[{"start":{"line":25,"column":2},"end":{"line":31,"column":3}},{"start":{},"end":{}}],"line":25},"9":{"loc":{"start":{"line":26,"column":4},"end":{"line":30,"column":5}},"type":"if","locations":[{"start":{"line":26,"column":4},"end":{"line":30,"column":5}},{"start":{},"end":{}}],"line":26},"10":{"loc":{"start":{"line":33,"column":2},"end":{"line":41,"column":3}},"type":"if","locations":[{"start":{"line":33,"column":2},"end":{"line":41,"column":3}},{"start":{},"end":{}}],"line":33},"11":{"loc":{"start":{"line":36,"column":4},"end":{"line":40,"column":5}},"type":"if","locations":[{"start":{"line":36,"column":4},"end":{"line":40,"column":5}},{"start":{},"end":{}}],"line":36},"12":{"loc":{"start":{"line":54,"column":4},"end":{"line":56,"column":5}},"type":"if","locations":[{"start":{"line":54,"column":4},"end":{"line":56,"column":5}},{"start":{},"end":{}}],"line":54},"13":{"loc":{"start":{"line":54,"column":8},"end":{"line":54,"column":45}},"type":"binary-expr","locations":[{"start":{"line":54,"column":8},"end":{"line":54,"column":18}},{"start":{"line":54,"column":22},"end":{"line":54,"column":45}}],"line":54}},"s":{"0":1,"1":0,"2":0,"3":0,"4":0,"5":0,"6":0,"7":0,"8":0,"9":0,"10":0,"11":0,"12":0,"13":0,"14":0,"15":0,"16":0,"17":0,"18":0,"19":0,"20":0,"21":0,"22":0,"23":0,"24":0,"25":0,"26":0,"27":0,"28":1,"29":0,"30":0,"31":0,"32":0,"33":0,"34":0,"35":0},"f":{"0":0,"1":0,"2":0},"b":{"0":[0],"1":[0],"2":[0],"3":[0],"4":[0,0],"5":[0,0],"6":[0,0],"7":[0,0],"8":[0,0],"9":[0,0],"10":[0,0],"11":[0,0],"12":[0,0],"13":[0,0]},"_coverageSchema":"1a1c01bbd47fc00a2c39e90264f33305004495a9","hash":"71e0939a4b8cb9e0dd2aff94837107c0fc6d75d6"}
}
