TN:
SF:src\modules\customTodosFiles.js
FN:6,(anonymous_0)
FN:14,(anonymous_1)
FN:17,(anonymous_2)
FN:29,(anonymous_3)
FN:39,(anonymous_4)
FN:48,(anonymous_5)
FN:56,(anonymous_6)
FN:60,(anonymous_7)
FN:69,(anonymous_8)
FN:88,(anonymous_9)
FN:105,(anonymous_10)
FN:146,(anonymous_11)
FN:147,(anonymous_12)
FN:152,(anonymous_13)
FN:158,(anonymous_14)
FN:167,(anonymous_15)
FN:178,(anonymous_16)
FN:189,(anonymous_17)
FN:206,(anonymous_18)
FN:214,(anonymous_19)
FN:217,(anonymous_20)
FN:225,(anonymous_21)
FN:227,(anonymous_22)
FN:232,(anonymous_23)
FNF:24
FNH:15
FNDA:8,(anonymous_0)
FNDA:24,(anonymous_1)
FNDA:13,(anonymous_2)
FNDA:34,(anonymous_3)
FNDA:24,(anonymous_4)
FNDA:34,(anonymous_5)
FNDA:0,(anonymous_6)
FNDA:0,(anonymous_7)
FNDA:0,(anonymous_8)
FNDA:0,(anonymous_9)
FNDA:15,(anonymous_10)
FNDA:3,(anonymous_11)
FNDA:0,(anonymous_12)
FNDA:2,(anonymous_13)
FNDA:3,(anonymous_14)
FNDA:0,(anonymous_15)
FNDA:0,(anonymous_16)
FNDA:0,(anonymous_17)
FNDA:0,(anonymous_18)
FNDA:2,(anonymous_19)
FNDA:3,(anonymous_20)
FNDA:2,(anonymous_21)
FNDA:4,(anonymous_22)
FNDA:15,(anonymous_23)
DA:1,1
DA:2,1
DA:3,1
DA:7,8
DA:8,6
DA:10,2
DA:14,8
DA:15,24
DA:17,24
DA:18,13
DA:19,13
DA:21,0
DA:22,0
DA:24,0
DA:28,24
DA:29,24
DA:30,34
DA:31,34
DA:34,24
DA:35,24
DA:39,8
DA:40,24
DA:41,24
DA:43,24
DA:44,24
DA:45,24
DA:46,24
DA:47,24
DA:48,21
DA:50,34
DA:51,34
DA:52,34
DA:53,34
DA:56,34
DA:57,0
DA:60,34
DA:61,0
DA:65,34
DA:66,34
DA:67,34
DA:69,34
DA:70,0
DA:74,34
DA:75,34
DA:76,34
DA:78,34
DA:79,2
DA:80,2
DA:84,34
DA:85,34
DA:88,34
DA:89,0
DA:93,34
DA:96,34
DA:99,3
DA:105,8
DA:107,15
DA:108,15
DA:109,15
DA:110,15
DA:111,15
DA:112,15
DA:113,15
DA:122,15
DA:124,15
DA:125,0
DA:126,0
DA:127,0
DA:130,15
DA:131,15
DA:132,15
DA:133,15
DA:134,15
DA:135,15
DA:140,15
DA:142,15
DA:146,8
DA:147,3
DA:148,3
DA:152,8
DA:153,2
DA:155,2
DA:156,2
DA:157,2
DA:158,3
DA:159,2
DA:160,2
DA:162,2
DA:163,2
DA:167,8
DA:169,0
DA:170,0
DA:171,0
DA:174,0
DA:175,0
DA:176,0
DA:178,0
DA:179,0
DA:183,0
DA:184,0
DA:185,0
DA:186,0
DA:189,0
DA:190,0
DA:191,0
DA:192,0
DA:194,0
DA:195,0
DA:196,0
DA:201,0
DA:202,0
DA:203,0
DA:206,0
DA:207,0
DA:208,0
DA:211,0
DA:214,8
DA:215,2
DA:216,2
DA:217,3
DA:218,2
DA:219,2
DA:221,2
DA:222,2
DA:225,8
DA:226,2
DA:227,4
DA:228,2
DA:229,2
DA:232,8
DA:235,15
DA:236,15
DA:237,15
DA:238,15
DA:240,15
DA:241,15
DA:242,0
DA:243,0
DA:244,0
DA:248,15
DA:249,15
DA:250,0
DA:251,0
DA:252,0
DA:256,15
DA:257,15
DA:258,0
DA:259,0
DA:260,0
DA:264,15
DA:265,15
DA:266,15
DA:267,15
DA:268,0
DA:269,0
DA:270,0
DA:273,15
LF:157
LH:109
BRDA:7,0,0,6
BRDA:7,0,1,2
BRDA:18,1,0,13
BRDA:18,1,1,0
BRDA:21,2,0,0
BRDA:21,2,1,0
BRDA:47,3,0,21
BRDA:47,3,1,3
BRDA:78,4,0,2
BRDA:78,4,1,32
BRDA:124,5,0,0
BRDA:124,5,1,15
BRDA:124,6,0,15
BRDA:124,6,1,0
BRDA:134,7,0,15
BRDA:134,7,1,0
BRDA:159,8,0,2
BRDA:159,8,1,0
BRDA:190,9,0,0
BRDA:190,9,1,0
BRDA:218,10,0,2
BRDA:218,10,1,0
BRDA:233,11,0,0
BRDA:233,12,0,0
BRDA:233,13,0,0
BRDA:233,14,0,0
BRDA:240,15,0,15
BRDA:240,15,1,0
BRDA:241,16,0,0
BRDA:241,16,1,15
BRDA:248,17,0,15
BRDA:248,17,1,0
BRDA:249,18,0,0
BRDA:249,18,1,15
BRDA:256,19,0,15
BRDA:256,19,1,0
BRDA:257,20,0,0
BRDA:257,20,1,15
BRDA:264,21,0,15
BRDA:264,21,1,0
BRDA:267,22,0,0
BRDA:267,22,1,15
BRF:42
BRH:20
end_of_record
